[2026-02-17 20:54:53,325] INFO footy - DB-skjema initialisert.
[2026-02-17 20:54:55,188] ERROR footy - 403 Client Error: Forbidden for url: https://api-football-v1.p.rapidapi.com/v3/fixtures?league=39&from=2026-02-17&to=2026-02-19&timezone=UTC&season=2025
Traceback (most recent call last):
  File "C:\Users\rwh\Dropbox\Prosjekter\Dataprosjekter\Python\Footy\pipeline\run_daily.py", line 67, in main
    f_count = fetch_fixtures(args.leagues, date_from, date_to)
              ^^^^^^^^^^^^^^^^^^^^^^^^^^^^^^^^^^^^^^^^^^^^^^^^
  File "C:\Users\rwh\Dropbox\Prosjekter\Dataprosjekter\Python\Footy\scraping\fixtures_apifootball.py", line 28, in fetch_fixtures
    r.raise_for_status()
  File "C:\Users\rwh\AppData\Local\spyder-6\envs\spyder-runtime\Lib\site-packages\requests\models.py", line 1024, in raise_for_status
    raise HTTPError(http_error_msg, response=self)
requests.exceptions.HTTPError: 403 Client Error: Forbidden for url: https://api-football-v1.p.rapidapi.com/v3/fixtures?league=39&from=2026-02-17&to=2026-02-19&timezone=UTC&season=2025
[2026-02-17 20:54:55,596] INFO footy - Odds: lagret 126 rader for EPL.
[2026-02-17 20:54:55,598] INFO footy - Odds hentet: 126
[2026-02-17 20:54:55,600] INFO footy - Ingen nye fixtures Ã¥ beregne sannsynligheter for.
[2026-02-17 20:54:55,601] INFO footy - Probs beregnet: 0
[2026-02-17 21:31:54,299] INFO footy - DB-skjema initialisert.
[2026-02-17 21:31:55,246] INFO footy - [football-data] Fixtures: lagret 1 rader for EPL (2026-02-17â†’2026-02-19).
[2026-02-17 21:31:55,249] INFO footy - Fixtures hentet (football-data): 1
[2026-02-17 21:31:55,861] INFO footy - Odds: lagret 126 rader for EPL.
[2026-02-17 21:31:55,865] INFO footy - Odds hentet: 126
[2026-02-17 21:31:55,869] INFO footy - Ingen nye fixtures Ã¥ beregne sannsynligheter for.
[2026-02-17 21:31:55,871] INFO footy - Probs beregnet: 0
[2026-02-17 21:44:50,776] INFO footy - DB-skjema initialisert.
[2026-02-17 21:44:58,394] INFO footy - [football-data] Fixtures: lagret 1 rader for EPL (2026-02-17â†’2026-02-19).
[2026-02-17 21:44:58,394] INFO footy - Fixtures hentet (football-data): 1
[2026-02-17 21:44:58,811] INFO footy - Odds: lagret 126 rader for EPL.
[2026-02-17 21:44:58,813] INFO footy - Odds hentet: 126
[2026-02-17 21:44:58,816] INFO footy - Ingen nye fixtures Ã¥ beregne sannsynligheter for.
[2026-02-17 21:44:58,816] INFO footy - Probs beregnet: 0
[2026-02-17 21:58:10,866] INFO footy - DB-skjema initialisert.
[2026-02-17 21:58:12,149] INFO footy - [football-data] Fixtures: lagret 6 rader for EPL (2026-02-17â†’2026-02-22).
[2026-02-17 21:58:12,152] INFO footy - Fixtures hentet (football-data): 6
[2026-02-17 21:58:12,663] INFO footy - Odds: lagret 126 rader for EPL.
[2026-02-17 21:58:12,670] INFO footy - Odds hentet: 126
[2026-02-17 21:58:12,694] INFO footy - Skrevet sannsynligheter for 6 fixtures.
[2026-02-17 21:58:12,694] INFO footy - Probs beregnet: 6
[2026-02-18 08:28:45,484] INFO footy - DB-skjema initialisert.
[2026-02-18 08:28:47,460] INFO footy - Fixtures hentet (football-data): 1
[2026-02-18 08:28:48,180] ERROR footy - ('Connection aborted.', ConnectionResetError(10054, 'An existing connection was forcibly closed by the remote host', None, 10054, None))
Traceback (most recent call last):
  File "C:\Users\rwh\AppData\Local\Packages\PythonSoftwareFoundation.Python.3.13_qbz5n2kfra8p0\LocalCache\local-packages\Python313\site-packages\urllib3\connectionpool.py", line 787, in urlopen
    response = self._make_request(
        conn,
    ...<10 lines>...
        **response_kw,
    )
  File "C:\Users\rwh\AppData\Local\Packages\PythonSoftwareFoundation.Python.3.13_qbz5n2kfra8p0\LocalCache\local-packages\Python313\site-packages\urllib3\connectionpool.py", line 488, in _make_request
    raise new_e
  File "C:\Users\rwh\AppData\Local\Packages\PythonSoftwareFoundation.Python.3.13_qbz5n2kfra8p0\LocalCache\local-packages\Python313\site-packages\urllib3\connectionpool.py", line 464, in _make_request
    self._validate_conn(conn)
    ~~~~~~~~~~~~~~~~~~~^^^^^^
  File "C:\Users\rwh\AppData\Local\Packages\PythonSoftwareFoundation.Python.3.13_qbz5n2kfra8p0\LocalCache\local-packages\Python313\site-packages\urllib3\connectionpool.py", line 1093, in _validate_conn
    conn.connect()
    ~~~~~~~~~~~~^^
  File "C:\Users\rwh\AppData\Local\Packages\PythonSoftwareFoundation.Python.3.13_qbz5n2kfra8p0\LocalCache\local-packages\Python313\site-packages\urllib3\connection.py", line 796, in connect
    sock_and_verified = _ssl_wrap_socket_and_match_hostname(
        sock=sock,
    ...<14 lines>...
        assert_fingerprint=self.assert_fingerprint,
    )
  File "C:\Users\rwh\AppData\Local\Packages\PythonSoftwareFoundation.Python.3.13_qbz5n2kfra8p0\LocalCache\local-packages\Python313\site-packages\urllib3\connection.py", line 975, in _ssl_wrap_socket_and_match_hostname
    ssl_sock = ssl_wrap_socket(
        sock=sock,
    ...<8 lines>...
        tls_in_tls=tls_in_tls,
    )
  File "C:\Users\rwh\AppData\Local\Packages\PythonSoftwareFoundation.Python.3.13_qbz5n2kfra8p0\LocalCache\local-packages\Python313\site-packages\urllib3\util\ssl_.py", line 483, in ssl_wrap_socket
    ssl_sock = _ssl_wrap_socket_impl(sock, context, tls_in_tls, server_hostname)
  File "C:\Users\rwh\AppData\Local\Packages\PythonSoftwareFoundation.Python.3.13_qbz5n2kfra8p0\LocalCache\local-packages\Python313\site-packages\urllib3\util\ssl_.py", line 527, in _ssl_wrap_socket_impl
    return ssl_context.wrap_socket(sock, server_hostname=server_hostname)
           ~~~~~~~~~~~~~~~~~~~~~~~^^^^^^^^^^^^^^^^^^^^^^^^^^^^^^^^^^^^^^^
  File "C:\Program Files\WindowsApps\PythonSoftwareFoundation.Python.3.13_3.13.3312.0_x64__qbz5n2kfra8p0\Lib\ssl.py", line 455, in wrap_socket
    return self.sslsocket_class._create(
           ~~~~~~~~~~~~~~~~~~~~~~~~~~~~^
        sock=sock,
        ^^^^^^^^^^
    ...<5 lines>...
        session=session
        ^^^^^^^^^^^^^^^
    )
    ^
  File "C:\Program Files\WindowsApps\PythonSoftwareFoundation.Python.3.13_3.13.3312.0_x64__qbz5n2kfra8p0\Lib\ssl.py", line 1076, in _create
    self.do_handshake()
    ~~~~~~~~~~~~~~~~~^^
  File "C:\Program Files\WindowsApps\PythonSoftwareFoundation.Python.3.13_3.13.3312.0_x64__qbz5n2kfra8p0\Lib\ssl.py", line 1372, in do_handshake
    self._sslobj.do_handshake()
    ~~~~~~~~~~~~~~~~~~~~~~~~~^^
ConnectionResetError: [WinError 10054] An existing connection was forcibly closed by the remote host

During handling of the above exception, another exception occurred:

Traceback (most recent call last):
  File "C:\Users\rwh\AppData\Local\Packages\PythonSoftwareFoundation.Python.3.13_qbz5n2kfra8p0\LocalCache\local-packages\Python313\site-packages\requests\adapters.py", line 644, in send
    resp = conn.urlopen(
        method=request.method,
    ...<9 lines>...
        chunked=chunked,
    )
  File "C:\Users\rwh\AppData\Local\Packages\PythonSoftwareFoundation.Python.3.13_qbz5n2kfra8p0\LocalCache\local-packages\Python313\site-packages\urllib3\connectionpool.py", line 841, in urlopen
    retries = retries.increment(
        method, url, error=new_e, _pool=self, _stacktrace=sys.exc_info()[2]
    )
  File "C:\Users\rwh\AppData\Local\Packages\PythonSoftwareFoundation.Python.3.13_qbz5n2kfra8p0\LocalCache\local-packages\Python313\site-packages\urllib3\util\retry.py", line 490, in increment
    raise reraise(type(error), error, _stacktrace)
          ~~~~~~~^^^^^^^^^^^^^^^^^^^^^^^^^^^^^^^^^
  File "C:\Users\rwh\AppData\Local\Packages\PythonSoftwareFoundation.Python.3.13_qbz5n2kfra8p0\LocalCache\local-packages\Python313\site-packages\urllib3\util\util.py", line 38, in reraise
    raise value.with_traceback(tb)
  File "C:\Users\rwh\AppData\Local\Packages\PythonSoftwareFoundation.Python.3.13_qbz5n2kfra8p0\LocalCache\local-packages\Python313\site-packages\urllib3\connectionpool.py", line 787, in urlopen
    response = self._make_request(
        conn,
    ...<10 lines>...
        **response_kw,
    )
  File "C:\Users\rwh\AppData\Local\Packages\PythonSoftwareFoundation.Python.3.13_qbz5n2kfra8p0\LocalCache\local-packages\Python313\site-packages\urllib3\connectionpool.py", line 488, in _make_request
    raise new_e
  File "C:\Users\rwh\AppData\Local\Packages\PythonSoftwareFoundation.Python.3.13_qbz5n2kfra8p0\LocalCache\local-packages\Python313\site-packages\urllib3\connectionpool.py", line 464, in _make_request
    self._validate_conn(conn)
    ~~~~~~~~~~~~~~~~~~~^^^^^^
  File "C:\Users\rwh\AppData\Local\Packages\PythonSoftwareFoundation.Python.3.13_qbz5n2kfra8p0\LocalCache\local-packages\Python313\site-packages\urllib3\connectionpool.py", line 1093, in _validate_conn
    conn.connect()
    ~~~~~~~~~~~~^^
  File "C:\Users\rwh\AppData\Local\Packages\PythonSoftwareFoundation.Python.3.13_qbz5n2kfra8p0\LocalCache\local-packages\Python313\site-packages\urllib3\connection.py", line 796, in connect
    sock_and_verified = _ssl_wrap_socket_and_match_hostname(
        sock=sock,
    ...<14 lines>...
        assert_fingerprint=self.assert_fingerprint,
    )
  File "C:\Users\rwh\AppData\Local\Packages\PythonSoftwareFoundation.Python.3.13_qbz5n2kfra8p0\LocalCache\local-packages\Python313\site-packages\urllib3\connection.py", line 975, in _ssl_wrap_socket_and_match_hostname
    ssl_sock = ssl_wrap_socket(
        sock=sock,
    ...<8 lines>...
        tls_in_tls=tls_in_tls,
    )
  File "C:\Users\rwh\AppData\Local\Packages\PythonSoftwareFoundation.Python.3.13_qbz5n2kfra8p0\LocalCache\local-packages\Python313\site-packages\urllib3\util\ssl_.py", line 483, in ssl_wrap_socket
    ssl_sock = _ssl_wrap_socket_impl(sock, context, tls_in_tls, server_hostname)
  File "C:\Users\rwh\AppData\Local\Packages\PythonSoftwareFoundation.Python.3.13_qbz5n2kfra8p0\LocalCache\local-packages\Python313\site-packages\urllib3\util\ssl_.py", line 527, in _ssl_wrap_socket_impl
    return ssl_context.wrap_socket(sock, server_hostname=server_hostname)
           ~~~~~~~~~~~~~~~~~~~~~~~^^^^^^^^^^^^^^^^^^^^^^^^^^^^^^^^^^^^^^^
  File "C:\Program Files\WindowsApps\PythonSoftwareFoundation.Python.3.13_3.13.3312.0_x64__qbz5n2kfra8p0\Lib\ssl.py", line 455, in wrap_socket
    return self.sslsocket_class._create(
           ~~~~~~~~~~~~~~~~~~~~~~~~~~~~^
        sock=sock,
        ^^^^^^^^^^
    ...<5 lines>...
        session=session
        ^^^^^^^^^^^^^^^
    )
    ^
  File "C:\Program Files\WindowsApps\PythonSoftwareFoundation.Python.3.13_3.13.3312.0_x64__qbz5n2kfra8p0\Lib\ssl.py", line 1076, in _create
    self.do_handshake()
    ~~~~~~~~~~~~~~~~~^^
  File "C:\Program Files\WindowsApps\PythonSoftwareFoundation.Python.3.13_3.13.3312.0_x64__qbz5n2kfra8p0\Lib\ssl.py", line 1372, in do_handshake
    self._sslobj.do_handshake()
    ~~~~~~~~~~~~~~~~~~~~~~~~~^^
urllib3.exceptions.ProtocolError: ('Connection aborted.', ConnectionResetError(10054, 'An existing connection was forcibly closed by the remote host', None, 10054, None))

During handling of the above exception, another exception occurred:

Traceback (most recent call last):
  File "C:\Users\rwh\Dropbox\Prosjekter\Dataprosjekter\Python\Footy\pipeline\run_daily.py", line 85, in main
    o_count = fetch_odds(args.leagues)
  File "C:\Users\rwh\Dropbox\Prosjekter\Dataprosjekter\Python\Footy\scraping\odds_theoddsapi.py", line 28, in fetch_odds
    r = requests.get(url, params=params, timeout=30)
  File "C:\Users\rwh\AppData\Local\Packages\PythonSoftwareFoundation.Python.3.13_qbz5n2kfra8p0\LocalCache\local-packages\Python313\site-packages\requests\api.py", line 73, in get
    return request("get", url, params=params, **kwargs)
  File "C:\Users\rwh\AppData\Local\Packages\PythonSoftwareFoundation.Python.3.13_qbz5n2kfra8p0\LocalCache\local-packages\Python313\site-packages\requests\api.py", line 59, in request
    return session.request(method=method, url=url, **kwargs)
           ~~~~~~~~~~~~~~~^^^^^^^^^^^^^^^^^^^^^^^^^^^^^^^^^^
  File "C:\Users\rwh\AppData\Local\Packages\PythonSoftwareFoundation.Python.3.13_qbz5n2kfra8p0\LocalCache\local-packages\Python313\site-packages\requests\sessions.py", line 589, in request
    resp = self.send(prep, **send_kwargs)
  File "C:\Users\rwh\AppData\Local\Packages\PythonSoftwareFoundation.Python.3.13_qbz5n2kfra8p0\LocalCache\local-packages\Python313\site-packages\requests\sessions.py", line 703, in send
    r = adapter.send(request, **kwargs)
  File "C:\Users\rwh\AppData\Local\Packages\PythonSoftwareFoundation.Python.3.13_qbz5n2kfra8p0\LocalCache\local-packages\Python313\site-packages\requests\adapters.py", line 659, in send
    raise ConnectionError(err, request=request)
requests.exceptions.ConnectionError: ('Connection aborted.', ConnectionResetError(10054, 'An existing connection was forcibly closed by the remote host', None, 10054, None))
[2026-02-18 08:28:48,191] INFO footy - Ingen nye fixtures å beregne sannsynligheter for.
[2026-02-18 08:28:48,191] INFO footy - Probs beregnet: 0
[2026-02-18 10:14:52,919] INFO footy - DB-skjema initialisert.
[2026-02-18 10:14:53,929] INFO footy - [football-data] Fixtures: lagret 10 rader for EPL (2026-02-18â†’2026-02-23).
[2026-02-18 10:14:53,930] INFO footy - Fixtures hentet (football-data): 10
[2026-02-18 10:14:54,089] ERROR footy - ('Connection aborted.', ConnectionResetError(10054, 'An existing connection was forcibly closed by the remote host', None, 10054, None))
Traceback (most recent call last):
  File "C:\Users\rwh\AppData\Roaming\Python\Python311\site-packages\urllib3\connectionpool.py", line 787, in urlopen
    response = self._make_request(
               ^^^^^^^^^^^^^^^^^^^
  File "C:\Users\rwh\AppData\Roaming\Python\Python311\site-packages\urllib3\connectionpool.py", line 488, in _make_request
    raise new_e
  File "C:\Users\rwh\AppData\Roaming\Python\Python311\site-packages\urllib3\connectionpool.py", line 464, in _make_request
    self._validate_conn(conn)
  File "C:\Users\rwh\AppData\Roaming\Python\Python311\site-packages\urllib3\connectionpool.py", line 1093, in _validate_conn
    conn.connect()
  File "C:\Users\rwh\AppData\Roaming\Python\Python311\site-packages\urllib3\connection.py", line 790, in connect
    sock_and_verified = _ssl_wrap_socket_and_match_hostname(
                        ^^^^^^^^^^^^^^^^^^^^^^^^^^^^^^^^^^^^
  File "C:\Users\rwh\AppData\Roaming\Python\Python311\site-packages\urllib3\connection.py", line 969, in _ssl_wrap_socket_and_match_hostname
    ssl_sock = ssl_wrap_socket(
               ^^^^^^^^^^^^^^^^
  File "C:\Users\rwh\AppData\Roaming\Python\Python311\site-packages\urllib3\util\ssl_.py", line 480, in ssl_wrap_socket
    ssl_sock = _ssl_wrap_socket_impl(sock, context, tls_in_tls, server_hostname)
               ^^^^^^^^^^^^^^^^^^^^^^^^^^^^^^^^^^^^^^^^^^^^^^^^^^^^^^^^^^^^^^^^^
  File "C:\Users\rwh\AppData\Roaming\Python\Python311\site-packages\urllib3\util\ssl_.py", line 524, in _ssl_wrap_socket_impl
    return ssl_context.wrap_socket(sock, server_hostname=server_hostname)
           ^^^^^^^^^^^^^^^^^^^^^^^^^^^^^^^^^^^^^^^^^^^^^^^^^^^^^^^^^^^^^^
  File "C:\ProgramData\spyder-6\envs\spyder-runtime\Lib\ssl.py", line 517, in wrap_socket
    return self.sslsocket_class._create(
           ^^^^^^^^^^^^^^^^^^^^^^^^^^^^^
  File "C:\ProgramData\spyder-6\envs\spyder-runtime\Lib\ssl.py", line 1104, in _create
    self.do_handshake()
  File "C:\ProgramData\spyder-6\envs\spyder-runtime\Lib\ssl.py", line 1382, in do_handshake
    self._sslobj.do_handshake()
ConnectionResetError: [WinError 10054] An existing connection was forcibly closed by the remote host

During handling of the above exception, another exception occurred:

Traceback (most recent call last):
  File "C:\ProgramData\spyder-6\envs\spyder-runtime\Lib\site-packages\requests\adapters.py", line 667, in send
    resp = conn.urlopen(
           ^^^^^^^^^^^^^
  File "C:\Users\rwh\AppData\Roaming\Python\Python311\site-packages\urllib3\connectionpool.py", line 841, in urlopen
    retries = retries.increment(
              ^^^^^^^^^^^^^^^^^^
  File "C:\Users\rwh\AppData\Roaming\Python\Python311\site-packages\urllib3\util\retry.py", line 474, in increment
    raise reraise(type(error), error, _stacktrace)
          ^^^^^^^^^^^^^^^^^^^^^^^^^^^^^^^^^^^^^^^^
  File "C:\Users\rwh\AppData\Roaming\Python\Python311\site-packages\urllib3\util\util.py", line 38, in reraise
    raise value.with_traceback(tb)
  File "C:\Users\rwh\AppData\Roaming\Python\Python311\site-packages\urllib3\connectionpool.py", line 787, in urlopen
    response = self._make_request(
               ^^^^^^^^^^^^^^^^^^^
  File "C:\Users\rwh\AppData\Roaming\Python\Python311\site-packages\urllib3\connectionpool.py", line 488, in _make_request
    raise new_e
  File "C:\Users\rwh\AppData\Roaming\Python\Python311\site-packages\urllib3\connectionpool.py", line 464, in _make_request
    self._validate_conn(conn)
  File "C:\Users\rwh\AppData\Roaming\Python\Python311\site-packages\urllib3\connectionpool.py", line 1093, in _validate_conn
    conn.connect()
  File "C:\Users\rwh\AppData\Roaming\Python\Python311\site-packages\urllib3\connection.py", line 790, in connect
    sock_and_verified = _ssl_wrap_socket_and_match_hostname(
                        ^^^^^^^^^^^^^^^^^^^^^^^^^^^^^^^^^^^^
  File "C:\Users\rwh\AppData\Roaming\Python\Python311\site-packages\urllib3\connection.py", line 969, in _ssl_wrap_socket_and_match_hostname
    ssl_sock = ssl_wrap_socket(
               ^^^^^^^^^^^^^^^^
  File "C:\Users\rwh\AppData\Roaming\Python\Python311\site-packages\urllib3\util\ssl_.py", line 480, in ssl_wrap_socket
    ssl_sock = _ssl_wrap_socket_impl(sock, context, tls_in_tls, server_hostname)
               ^^^^^^^^^^^^^^^^^^^^^^^^^^^^^^^^^^^^^^^^^^^^^^^^^^^^^^^^^^^^^^^^^
  File "C:\Users\rwh\AppData\Roaming\Python\Python311\site-packages\urllib3\util\ssl_.py", line 524, in _ssl_wrap_socket_impl
    return ssl_context.wrap_socket(sock, server_hostname=server_hostname)
           ^^^^^^^^^^^^^^^^^^^^^^^^^^^^^^^^^^^^^^^^^^^^^^^^^^^^^^^^^^^^^^
  File "C:\ProgramData\spyder-6\envs\spyder-runtime\Lib\ssl.py", line 517, in wrap_socket
    return self.sslsocket_class._create(
           ^^^^^^^^^^^^^^^^^^^^^^^^^^^^^
  File "C:\ProgramData\spyder-6\envs\spyder-runtime\Lib\ssl.py", line 1104, in _create
    self.do_handshake()
  File "C:\ProgramData\spyder-6\envs\spyder-runtime\Lib\ssl.py", line 1382, in do_handshake
    self._sslobj.do_handshake()
urllib3.exceptions.ProtocolError: ('Connection aborted.', ConnectionResetError(10054, 'An existing connection was forcibly closed by the remote host', None, 10054, None))

During handling of the above exception, another exception occurred:

Traceback (most recent call last):
  File "c:\Users\rwh\Dropbox\Prosjekter\Dataprosjekter\Python\Footy\pipeline\run_daily.py", line 85, in main
    o_count = fetch_odds(args.leagues)
              ^^^^^^^^^^^^^^^^^^^^^^^^
  File "c:\Users\rwh\Dropbox\Prosjekter\Dataprosjekter\Python\Footy\scraping\odds_theoddsapi.py", line 28, in fetch_odds
    r = requests.get(url, params=params, timeout=30)
        ^^^^^^^^^^^^^^^^^^^^^^^^^^^^^^^^^^^^^^^^^^^^
  File "C:\ProgramData\spyder-6\envs\spyder-runtime\Lib\site-packages\requests\api.py", line 73, in get
    return request("get", url, params=params, **kwargs)
           ^^^^^^^^^^^^^^^^^^^^^^^^^^^^^^^^^^^^^^^^^^^^
  File "C:\ProgramData\spyder-6\envs\spyder-runtime\Lib\site-packages\requests\api.py", line 59, in request
    return session.request(method=method, url=url, **kwargs)
           ^^^^^^^^^^^^^^^^^^^^^^^^^^^^^^^^^^^^^^^^^^^^^^^^^
  File "C:\ProgramData\spyder-6\envs\spyder-runtime\Lib\site-packages\requests\sessions.py", line 589, in request
    resp = self.send(prep, **send_kwargs)
           ^^^^^^^^^^^^^^^^^^^^^^^^^^^^^^
  File "C:\ProgramData\spyder-6\envs\spyder-runtime\Lib\site-packages\requests\sessions.py", line 703, in send
    r = adapter.send(request, **kwargs)
        ^^^^^^^^^^^^^^^^^^^^^^^^^^^^^^^
  File "C:\ProgramData\spyder-6\envs\spyder-runtime\Lib\site-packages\requests\adapters.py", line 682, in send
    raise ConnectionError(err, request=request)
requests.exceptions.ConnectionError: ('Connection aborted.', ConnectionResetError(10054, 'An existing connection was forcibly closed by the remote host', None, 10054, None))
[2026-02-18 10:14:54,121] INFO footy - Skrevet sannsynligheter for 4 fixtures.
[2026-02-18 10:14:54,121] INFO footy - Probs beregnet: 4
[2026-02-18 10:25:07,885] INFO footy - [football-data] Fixtures: lagret 1 rader for EPL (2026-02-18â†’2026-02-21).
[2026-02-18 10:25:07,886] INFO footy - Fixtures hentet (football-data): 1
[2026-02-18 10:25:08,035] ERROR footy - [odds] Feil ved henting for EPL: ('Connection aborted.', ConnectionResetError(10054, 'An existing connection was forcibly closed by the remote host', None, 10054, None))
Traceback (most recent call last):
  File "C:\Users\rwh\AppData\Roaming\Python\Python311\site-packages\urllib3\connectionpool.py", line 787, in urlopen
    response = self._make_request(
               ^^^^^^^^^^^^^^^^^^^
  File "C:\Users\rwh\AppData\Roaming\Python\Python311\site-packages\urllib3\connectionpool.py", line 488, in _make_request
    raise new_e
  File "C:\Users\rwh\AppData\Roaming\Python\Python311\site-packages\urllib3\connectionpool.py", line 464, in _make_request
    self._validate_conn(conn)
  File "C:\Users\rwh\AppData\Roaming\Python\Python311\site-packages\urllib3\connectionpool.py", line 1093, in _validate_conn
    conn.connect()
  File "C:\Users\rwh\AppData\Roaming\Python\Python311\site-packages\urllib3\connection.py", line 790, in connect
    sock_and_verified = _ssl_wrap_socket_and_match_hostname(
                        ^^^^^^^^^^^^^^^^^^^^^^^^^^^^^^^^^^^^
  File "C:\Users\rwh\AppData\Roaming\Python\Python311\site-packages\urllib3\connection.py", line 969, in _ssl_wrap_socket_and_match_hostname
    ssl_sock = ssl_wrap_socket(
               ^^^^^^^^^^^^^^^^
  File "C:\Users\rwh\AppData\Roaming\Python\Python311\site-packages\urllib3\util\ssl_.py", line 480, in ssl_wrap_socket
    ssl_sock = _ssl_wrap_socket_impl(sock, context, tls_in_tls, server_hostname)
               ^^^^^^^^^^^^^^^^^^^^^^^^^^^^^^^^^^^^^^^^^^^^^^^^^^^^^^^^^^^^^^^^^
  File "C:\Users\rwh\AppData\Roaming\Python\Python311\site-packages\urllib3\util\ssl_.py", line 524, in _ssl_wrap_socket_impl
    return ssl_context.wrap_socket(sock, server_hostname=server_hostname)
           ^^^^^^^^^^^^^^^^^^^^^^^^^^^^^^^^^^^^^^^^^^^^^^^^^^^^^^^^^^^^^^
  File "C:\ProgramData\spyder-6\envs\spyder-runtime\Lib\ssl.py", line 517, in wrap_socket
    return self.sslsocket_class._create(
           ^^^^^^^^^^^^^^^^^^^^^^^^^^^^^
  File "C:\ProgramData\spyder-6\envs\spyder-runtime\Lib\ssl.py", line 1104, in _create
    self.do_handshake()
  File "C:\ProgramData\spyder-6\envs\spyder-runtime\Lib\ssl.py", line 1382, in do_handshake
    self._sslobj.do_handshake()
ConnectionResetError: [WinError 10054] An existing connection was forcibly closed by the remote host

During handling of the above exception, another exception occurred:

Traceback (most recent call last):
  File "C:\ProgramData\spyder-6\envs\spyder-runtime\Lib\site-packages\requests\adapters.py", line 667, in send
    resp = conn.urlopen(
           ^^^^^^^^^^^^^
  File "C:\Users\rwh\AppData\Roaming\Python\Python311\site-packages\urllib3\connectionpool.py", line 841, in urlopen
    retries = retries.increment(
              ^^^^^^^^^^^^^^^^^^
  File "C:\Users\rwh\AppData\Roaming\Python\Python311\site-packages\urllib3\util\retry.py", line 474, in increment
    raise reraise(type(error), error, _stacktrace)
          ^^^^^^^^^^^^^^^^^^^^^^^^^^^^^^^^^^^^^^^^
  File "C:\Users\rwh\AppData\Roaming\Python\Python311\site-packages\urllib3\util\util.py", line 38, in reraise
    raise value.with_traceback(tb)
  File "C:\Users\rwh\AppData\Roaming\Python\Python311\site-packages\urllib3\connectionpool.py", line 787, in urlopen
    response = self._make_request(
               ^^^^^^^^^^^^^^^^^^^
  File "C:\Users\rwh\AppData\Roaming\Python\Python311\site-packages\urllib3\connectionpool.py", line 488, in _make_request
    raise new_e
  File "C:\Users\rwh\AppData\Roaming\Python\Python311\site-packages\urllib3\connectionpool.py", line 464, in _make_request
    self._validate_conn(conn)
  File "C:\Users\rwh\AppData\Roaming\Python\Python311\site-packages\urllib3\connectionpool.py", line 1093, in _validate_conn
    conn.connect()
  File "C:\Users\rwh\AppData\Roaming\Python\Python311\site-packages\urllib3\connection.py", line 790, in connect
    sock_and_verified = _ssl_wrap_socket_and_match_hostname(
                        ^^^^^^^^^^^^^^^^^^^^^^^^^^^^^^^^^^^^
  File "C:\Users\rwh\AppData\Roaming\Python\Python311\site-packages\urllib3\connection.py", line 969, in _ssl_wrap_socket_and_match_hostname
    ssl_sock = ssl_wrap_socket(
               ^^^^^^^^^^^^^^^^
  File "C:\Users\rwh\AppData\Roaming\Python\Python311\site-packages\urllib3\util\ssl_.py", line 480, in ssl_wrap_socket
    ssl_sock = _ssl_wrap_socket_impl(sock, context, tls_in_tls, server_hostname)
               ^^^^^^^^^^^^^^^^^^^^^^^^^^^^^^^^^^^^^^^^^^^^^^^^^^^^^^^^^^^^^^^^^
  File "C:\Users\rwh\AppData\Roaming\Python\Python311\site-packages\urllib3\util\ssl_.py", line 524, in _ssl_wrap_socket_impl
    return ssl_context.wrap_socket(sock, server_hostname=server_hostname)
           ^^^^^^^^^^^^^^^^^^^^^^^^^^^^^^^^^^^^^^^^^^^^^^^^^^^^^^^^^^^^^^
  File "C:\ProgramData\spyder-6\envs\spyder-runtime\Lib\ssl.py", line 517, in wrap_socket
    return self.sslsocket_class._create(
           ^^^^^^^^^^^^^^^^^^^^^^^^^^^^^
  File "C:\ProgramData\spyder-6\envs\spyder-runtime\Lib\ssl.py", line 1104, in _create
    self.do_handshake()
  File "C:\ProgramData\spyder-6\envs\spyder-runtime\Lib\ssl.py", line 1382, in do_handshake
    self._sslobj.do_handshake()
urllib3.exceptions.ProtocolError: ('Connection aborted.', ConnectionResetError(10054, 'An existing connection was forcibly closed by the remote host', None, 10054, None))

During handling of the above exception, another exception occurred:

Traceback (most recent call last):
  File "c:\Users\rwh\Dropbox\Prosjekter\Dataprosjekter\Python\Footy\scraping\odds_theoddsapi.py", line 39, in fetch_odds
    r = requests.get(url, params=params, timeout=30)
        ^^^^^^^^^^^^^^^^^^^^^^^^^^^^^^^^^^^^^^^^^^^^
  File "C:\ProgramData\spyder-6\envs\spyder-runtime\Lib\site-packages\requests\api.py", line 73, in get
    return request("get", url, params=params, **kwargs)
           ^^^^^^^^^^^^^^^^^^^^^^^^^^^^^^^^^^^^^^^^^^^^
  File "C:\ProgramData\spyder-6\envs\spyder-runtime\Lib\site-packages\requests\api.py", line 59, in request
    return session.request(method=method, url=url, **kwargs)
           ^^^^^^^^^^^^^^^^^^^^^^^^^^^^^^^^^^^^^^^^^^^^^^^^^
  File "C:\ProgramData\spyder-6\envs\spyder-runtime\Lib\site-packages\requests\sessions.py", line 589, in request
    resp = self.send(prep, **send_kwargs)
           ^^^^^^^^^^^^^^^^^^^^^^^^^^^^^^
  File "C:\ProgramData\spyder-6\envs\spyder-runtime\Lib\site-packages\requests\sessions.py", line 703, in send
    r = adapter.send(request, **kwargs)
        ^^^^^^^^^^^^^^^^^^^^^^^^^^^^^^^
  File "C:\ProgramData\spyder-6\envs\spyder-runtime\Lib\site-packages\requests\adapters.py", line 682, in send
    raise ConnectionError(err, request=request)
requests.exceptions.ConnectionError: ('Connection aborted.', ConnectionResetError(10054, 'An existing connection was forcibly closed by the remote host', None, 10054, None))
[2026-02-18 10:25:08,044] INFO footy - Odds hentet: 0
[2026-02-18 10:25:08,046] INFO footy - Ingen nye fixtures Ã¥ beregne sannsynligheter for.
[2026-02-18 10:25:08,046] INFO footy - Probs beregnet: 0
[2026-02-18 11:47:21,420] INFO footy - Fixtures hentet (football-data): 1
[2026-02-18 11:47:21,873] WARNING footy - [odds] Nettverksfeil, prøver igjen (1/2) … ('Connection aborted.', ConnectionResetError(10054, 'An existing connection was forcibly closed by the remote host', None, 10054, None))
[2026-02-18 11:47:22,297] WARNING footy - [odds] Nettverksfeil, prøver igjen (2/2) … ('Connection aborted.', ConnectionResetError(10054, 'An existing connection was forcibly closed by the remote host', None, 10054, None))
[2026-02-18 11:47:22,718] ERROR footy - [odds] Klarte ikke hente odds etter 2 retries: ('Connection aborted.', ConnectionResetError(10054, 'An existing connection was forcibly closed by the remote host', None, 10054, None))
Traceback (most recent call last):
  File "C:\Users\rwh\AppData\Local\Packages\PythonSoftwareFoundation.Python.3.13_qbz5n2kfra8p0\LocalCache\local-packages\Python313\site-packages\urllib3\connectionpool.py", line 787, in urlopen
    response = self._make_request(
        conn,
    ...<10 lines>...
        **response_kw,
    )
  File "C:\Users\rwh\AppData\Local\Packages\PythonSoftwareFoundation.Python.3.13_qbz5n2kfra8p0\LocalCache\local-packages\Python313\site-packages\urllib3\connectionpool.py", line 488, in _make_request
    raise new_e
  File "C:\Users\rwh\AppData\Local\Packages\PythonSoftwareFoundation.Python.3.13_qbz5n2kfra8p0\LocalCache\local-packages\Python313\site-packages\urllib3\connectionpool.py", line 464, in _make_request
    self._validate_conn(conn)
    ~~~~~~~~~~~~~~~~~~~^^^^^^
  File "C:\Users\rwh\AppData\Local\Packages\PythonSoftwareFoundation.Python.3.13_qbz5n2kfra8p0\LocalCache\local-packages\Python313\site-packages\urllib3\connectionpool.py", line 1093, in _validate_conn
    conn.connect()
    ~~~~~~~~~~~~^^
  File "C:\Users\rwh\AppData\Local\Packages\PythonSoftwareFoundation.Python.3.13_qbz5n2kfra8p0\LocalCache\local-packages\Python313\site-packages\urllib3\connection.py", line 796, in connect
    sock_and_verified = _ssl_wrap_socket_and_match_hostname(
        sock=sock,
    ...<14 lines>...
        assert_fingerprint=self.assert_fingerprint,
    )
  File "C:\Users\rwh\AppData\Local\Packages\PythonSoftwareFoundation.Python.3.13_qbz5n2kfra8p0\LocalCache\local-packages\Python313\site-packages\urllib3\connection.py", line 975, in _ssl_wrap_socket_and_match_hostname
    ssl_sock = ssl_wrap_socket(
        sock=sock,
    ...<8 lines>...
        tls_in_tls=tls_in_tls,
    )
  File "C:\Users\rwh\AppData\Local\Packages\PythonSoftwareFoundation.Python.3.13_qbz5n2kfra8p0\LocalCache\local-packages\Python313\site-packages\urllib3\util\ssl_.py", line 483, in ssl_wrap_socket
    ssl_sock = _ssl_wrap_socket_impl(sock, context, tls_in_tls, server_hostname)
  File "C:\Users\rwh\AppData\Local\Packages\PythonSoftwareFoundation.Python.3.13_qbz5n2kfra8p0\LocalCache\local-packages\Python313\site-packages\urllib3\util\ssl_.py", line 527, in _ssl_wrap_socket_impl
    return ssl_context.wrap_socket(sock, server_hostname=server_hostname)
           ~~~~~~~~~~~~~~~~~~~~~~~^^^^^^^^^^^^^^^^^^^^^^^^^^^^^^^^^^^^^^^
  File "C:\Program Files\WindowsApps\PythonSoftwareFoundation.Python.3.13_3.13.3312.0_x64__qbz5n2kfra8p0\Lib\ssl.py", line 455, in wrap_socket
    return self.sslsocket_class._create(
           ~~~~~~~~~~~~~~~~~~~~~~~~~~~~^
        sock=sock,
        ^^^^^^^^^^
    ...<5 lines>...
        session=session
        ^^^^^^^^^^^^^^^
    )
    ^
  File "C:\Program Files\WindowsApps\PythonSoftwareFoundation.Python.3.13_3.13.3312.0_x64__qbz5n2kfra8p0\Lib\ssl.py", line 1076, in _create
    self.do_handshake()
    ~~~~~~~~~~~~~~~~~^^
  File "C:\Program Files\WindowsApps\PythonSoftwareFoundation.Python.3.13_3.13.3312.0_x64__qbz5n2kfra8p0\Lib\ssl.py", line 1372, in do_handshake
    self._sslobj.do_handshake()
    ~~~~~~~~~~~~~~~~~~~~~~~~~^^
ConnectionResetError: [WinError 10054] An existing connection was forcibly closed by the remote host

During handling of the above exception, another exception occurred:

Traceback (most recent call last):
  File "C:\Users\rwh\AppData\Local\Packages\PythonSoftwareFoundation.Python.3.13_qbz5n2kfra8p0\LocalCache\local-packages\Python313\site-packages\requests\adapters.py", line 644, in send
    resp = conn.urlopen(
        method=request.method,
    ...<9 lines>...
        chunked=chunked,
    )
  File "C:\Users\rwh\AppData\Local\Packages\PythonSoftwareFoundation.Python.3.13_qbz5n2kfra8p0\LocalCache\local-packages\Python313\site-packages\urllib3\connectionpool.py", line 841, in urlopen
    retries = retries.increment(
        method, url, error=new_e, _pool=self, _stacktrace=sys.exc_info()[2]
    )
  File "C:\Users\rwh\AppData\Local\Packages\PythonSoftwareFoundation.Python.3.13_qbz5n2kfra8p0\LocalCache\local-packages\Python313\site-packages\urllib3\util\retry.py", line 490, in increment
    raise reraise(type(error), error, _stacktrace)
          ~~~~~~~^^^^^^^^^^^^^^^^^^^^^^^^^^^^^^^^^
  File "C:\Users\rwh\AppData\Local\Packages\PythonSoftwareFoundation.Python.3.13_qbz5n2kfra8p0\LocalCache\local-packages\Python313\site-packages\urllib3\util\util.py", line 38, in reraise
    raise value.with_traceback(tb)
  File "C:\Users\rwh\AppData\Local\Packages\PythonSoftwareFoundation.Python.3.13_qbz5n2kfra8p0\LocalCache\local-packages\Python313\site-packages\urllib3\connectionpool.py", line 787, in urlopen
    response = self._make_request(
        conn,
    ...<10 lines>...
        **response_kw,
    )
  File "C:\Users\rwh\AppData\Local\Packages\PythonSoftwareFoundation.Python.3.13_qbz5n2kfra8p0\LocalCache\local-packages\Python313\site-packages\urllib3\connectionpool.py", line 488, in _make_request
    raise new_e
  File "C:\Users\rwh\AppData\Local\Packages\PythonSoftwareFoundation.Python.3.13_qbz5n2kfra8p0\LocalCache\local-packages\Python313\site-packages\urllib3\connectionpool.py", line 464, in _make_request
    self._validate_conn(conn)
    ~~~~~~~~~~~~~~~~~~~^^^^^^
  File "C:\Users\rwh\AppData\Local\Packages\PythonSoftwareFoundation.Python.3.13_qbz5n2kfra8p0\LocalCache\local-packages\Python313\site-packages\urllib3\connectionpool.py", line 1093, in _validate_conn
    conn.connect()
    ~~~~~~~~~~~~^^
  File "C:\Users\rwh\AppData\Local\Packages\PythonSoftwareFoundation.Python.3.13_qbz5n2kfra8p0\LocalCache\local-packages\Python313\site-packages\urllib3\connection.py", line 796, in connect
    sock_and_verified = _ssl_wrap_socket_and_match_hostname(
        sock=sock,
    ...<14 lines>...
        assert_fingerprint=self.assert_fingerprint,
    )
  File "C:\Users\rwh\AppData\Local\Packages\PythonSoftwareFoundation.Python.3.13_qbz5n2kfra8p0\LocalCache\local-packages\Python313\site-packages\urllib3\connection.py", line 975, in _ssl_wrap_socket_and_match_hostname
    ssl_sock = ssl_wrap_socket(
        sock=sock,
    ...<8 lines>...
        tls_in_tls=tls_in_tls,
    )
  File "C:\Users\rwh\AppData\Local\Packages\PythonSoftwareFoundation.Python.3.13_qbz5n2kfra8p0\LocalCache\local-packages\Python313\site-packages\urllib3\util\ssl_.py", line 483, in ssl_wrap_socket
    ssl_sock = _ssl_wrap_socket_impl(sock, context, tls_in_tls, server_hostname)
  File "C:\Users\rwh\AppData\Local\Packages\PythonSoftwareFoundation.Python.3.13_qbz5n2kfra8p0\LocalCache\local-packages\Python313\site-packages\urllib3\util\ssl_.py", line 527, in _ssl_wrap_socket_impl
    return ssl_context.wrap_socket(sock, server_hostname=server_hostname)
           ~~~~~~~~~~~~~~~~~~~~~~~^^^^^^^^^^^^^^^^^^^^^^^^^^^^^^^^^^^^^^^
  File "C:\Program Files\WindowsApps\PythonSoftwareFoundation.Python.3.13_3.13.3312.0_x64__qbz5n2kfra8p0\Lib\ssl.py", line 455, in wrap_socket
    return self.sslsocket_class._create(
           ~~~~~~~~~~~~~~~~~~~~~~~~~~~~^
        sock=sock,
        ^^^^^^^^^^
    ...<5 lines>...
        session=session
        ^^^^^^^^^^^^^^^
    )
    ^
  File "C:\Program Files\WindowsApps\PythonSoftwareFoundation.Python.3.13_3.13.3312.0_x64__qbz5n2kfra8p0\Lib\ssl.py", line 1076, in _create
    self.do_handshake()
    ~~~~~~~~~~~~~~~~~^^
  File "C:\Program Files\WindowsApps\PythonSoftwareFoundation.Python.3.13_3.13.3312.0_x64__qbz5n2kfra8p0\Lib\ssl.py", line 1372, in do_handshake
    self._sslobj.do_handshake()
    ~~~~~~~~~~~~~~~~~~~~~~~~~^^
urllib3.exceptions.ProtocolError: ('Connection aborted.', ConnectionResetError(10054, 'An existing connection was forcibly closed by the remote host', None, 10054, None))

During handling of the above exception, another exception occurred:

Traceback (most recent call last):
  File "C:\Users\rwh\Dropbox\Prosjekter\Dataprosjekter\Python\Footy\scraping\odds_theoddsapi.py", line 21, in _get_events_with_retries
    r = requests.get(url, params=params, timeout=30)
  File "C:\Users\rwh\AppData\Local\Packages\PythonSoftwareFoundation.Python.3.13_qbz5n2kfra8p0\LocalCache\local-packages\Python313\site-packages\requests\api.py", line 73, in get
    return request("get", url, params=params, **kwargs)
  File "C:\Users\rwh\AppData\Local\Packages\PythonSoftwareFoundation.Python.3.13_qbz5n2kfra8p0\LocalCache\local-packages\Python313\site-packages\requests\api.py", line 59, in request
    return session.request(method=method, url=url, **kwargs)
           ~~~~~~~~~~~~~~~^^^^^^^^^^^^^^^^^^^^^^^^^^^^^^^^^^
  File "C:\Users\rwh\AppData\Local\Packages\PythonSoftwareFoundation.Python.3.13_qbz5n2kfra8p0\LocalCache\local-packages\Python313\site-packages\requests\sessions.py", line 589, in request
    resp = self.send(prep, **send_kwargs)
  File "C:\Users\rwh\AppData\Local\Packages\PythonSoftwareFoundation.Python.3.13_qbz5n2kfra8p0\LocalCache\local-packages\Python313\site-packages\requests\sessions.py", line 703, in send
    r = adapter.send(request, **kwargs)
  File "C:\Users\rwh\AppData\Local\Packages\PythonSoftwareFoundation.Python.3.13_qbz5n2kfra8p0\LocalCache\local-packages\Python313\site-packages\requests\adapters.py", line 659, in send
    raise ConnectionError(err, request=request)
requests.exceptions.ConnectionError: ('Connection aborted.', ConnectionResetError(10054, 'An existing connection was forcibly closed by the remote host', None, 10054, None))
[2026-02-18 11:47:22,738] INFO footy - Odds hentet: 0
[2026-02-18 11:47:22,740] INFO footy - Ingen nye fixtures å beregne sannsynligheter for.
[2026-02-18 11:47:22,740] INFO footy - Probs beregnet: 0
[2026-02-18 11:51:07,649] INFO footy - [football-data] Fixtures: lagret 1 rader for EPL (2026-02-18â†’2026-02-21).
[2026-02-18 11:51:07,651] INFO footy - Fixtures hentet (football-data): 1
[2026-02-18 11:51:07,799] WARNING footy - [odds] Nettverksfeil, prÃ¸ver igjen (1/2) â€¦ ('Connection aborted.', ConnectionResetError(10054, 'An existing connection was forcibly closed by the remote host', None, 10054, None))
[2026-02-18 11:51:07,929] WARNING footy - [odds] Nettverksfeil, prÃ¸ver igjen (2/2) â€¦ ('Connection aborted.', ConnectionResetError(10054, 'An existing connection was forcibly closed by the remote host', None, 10054, None))
[2026-02-18 11:51:08,071] ERROR footy - [odds] Klarte ikke hente odds etter 2 retries: ('Connection aborted.', ConnectionResetError(10054, 'An existing connection was forcibly closed by the remote host', None, 10054, None))
Traceback (most recent call last):
  File "C:\Users\rwh\AppData\Roaming\Python\Python311\site-packages\urllib3\connectionpool.py", line 787, in urlopen
    response = self._make_request(
               ^^^^^^^^^^^^^^^^^^^
  File "C:\Users\rwh\AppData\Roaming\Python\Python311\site-packages\urllib3\connectionpool.py", line 488, in _make_request
    raise new_e
  File "C:\Users\rwh\AppData\Roaming\Python\Python311\site-packages\urllib3\connectionpool.py", line 464, in _make_request
    self._validate_conn(conn)
  File "C:\Users\rwh\AppData\Roaming\Python\Python311\site-packages\urllib3\connectionpool.py", line 1093, in _validate_conn
    conn.connect()
  File "C:\Users\rwh\AppData\Roaming\Python\Python311\site-packages\urllib3\connection.py", line 790, in connect
    sock_and_verified = _ssl_wrap_socket_and_match_hostname(
                        ^^^^^^^^^^^^^^^^^^^^^^^^^^^^^^^^^^^^
  File "C:\Users\rwh\AppData\Roaming\Python\Python311\site-packages\urllib3\connection.py", line 969, in _ssl_wrap_socket_and_match_hostname
    ssl_sock = ssl_wrap_socket(
               ^^^^^^^^^^^^^^^^
  File "C:\Users\rwh\AppData\Roaming\Python\Python311\site-packages\urllib3\util\ssl_.py", line 480, in ssl_wrap_socket
    ssl_sock = _ssl_wrap_socket_impl(sock, context, tls_in_tls, server_hostname)
               ^^^^^^^^^^^^^^^^^^^^^^^^^^^^^^^^^^^^^^^^^^^^^^^^^^^^^^^^^^^^^^^^^
  File "C:\Users\rwh\AppData\Roaming\Python\Python311\site-packages\urllib3\util\ssl_.py", line 524, in _ssl_wrap_socket_impl
    return ssl_context.wrap_socket(sock, server_hostname=server_hostname)
           ^^^^^^^^^^^^^^^^^^^^^^^^^^^^^^^^^^^^^^^^^^^^^^^^^^^^^^^^^^^^^^
  File "C:\ProgramData\spyder-6\envs\spyder-runtime\Lib\ssl.py", line 517, in wrap_socket
    return self.sslsocket_class._create(
           ^^^^^^^^^^^^^^^^^^^^^^^^^^^^^
  File "C:\ProgramData\spyder-6\envs\spyder-runtime\Lib\ssl.py", line 1104, in _create
    self.do_handshake()
  File "C:\ProgramData\spyder-6\envs\spyder-runtime\Lib\ssl.py", line 1382, in do_handshake
    self._sslobj.do_handshake()
ConnectionResetError: [WinError 10054] An existing connection was forcibly closed by the remote host

During handling of the above exception, another exception occurred:

Traceback (most recent call last):
  File "C:\ProgramData\spyder-6\envs\spyder-runtime\Lib\site-packages\requests\adapters.py", line 667, in send
    resp = conn.urlopen(
           ^^^^^^^^^^^^^
  File "C:\Users\rwh\AppData\Roaming\Python\Python311\site-packages\urllib3\connectionpool.py", line 841, in urlopen
    retries = retries.increment(
              ^^^^^^^^^^^^^^^^^^
  File "C:\Users\rwh\AppData\Roaming\Python\Python311\site-packages\urllib3\util\retry.py", line 474, in increment
    raise reraise(type(error), error, _stacktrace)
          ^^^^^^^^^^^^^^^^^^^^^^^^^^^^^^^^^^^^^^^^
  File "C:\Users\rwh\AppData\Roaming\Python\Python311\site-packages\urllib3\util\util.py", line 38, in reraise
    raise value.with_traceback(tb)
  File "C:\Users\rwh\AppData\Roaming\Python\Python311\site-packages\urllib3\connectionpool.py", line 787, in urlopen
    response = self._make_request(
               ^^^^^^^^^^^^^^^^^^^
  File "C:\Users\rwh\AppData\Roaming\Python\Python311\site-packages\urllib3\connectionpool.py", line 488, in _make_request
    raise new_e
  File "C:\Users\rwh\AppData\Roaming\Python\Python311\site-packages\urllib3\connectionpool.py", line 464, in _make_request
    self._validate_conn(conn)
  File "C:\Users\rwh\AppData\Roaming\Python\Python311\site-packages\urllib3\connectionpool.py", line 1093, in _validate_conn
    conn.connect()
  File "C:\Users\rwh\AppData\Roaming\Python\Python311\site-packages\urllib3\connection.py", line 790, in connect
    sock_and_verified = _ssl_wrap_socket_and_match_hostname(
                        ^^^^^^^^^^^^^^^^^^^^^^^^^^^^^^^^^^^^
  File "C:\Users\rwh\AppData\Roaming\Python\Python311\site-packages\urllib3\connection.py", line 969, in _ssl_wrap_socket_and_match_hostname
    ssl_sock = ssl_wrap_socket(
               ^^^^^^^^^^^^^^^^
  File "C:\Users\rwh\AppData\Roaming\Python\Python311\site-packages\urllib3\util\ssl_.py", line 480, in ssl_wrap_socket
    ssl_sock = _ssl_wrap_socket_impl(sock, context, tls_in_tls, server_hostname)
               ^^^^^^^^^^^^^^^^^^^^^^^^^^^^^^^^^^^^^^^^^^^^^^^^^^^^^^^^^^^^^^^^^
  File "C:\Users\rwh\AppData\Roaming\Python\Python311\site-packages\urllib3\util\ssl_.py", line 524, in _ssl_wrap_socket_impl
    return ssl_context.wrap_socket(sock, server_hostname=server_hostname)
           ^^^^^^^^^^^^^^^^^^^^^^^^^^^^^^^^^^^^^^^^^^^^^^^^^^^^^^^^^^^^^^
  File "C:\ProgramData\spyder-6\envs\spyder-runtime\Lib\ssl.py", line 517, in wrap_socket
    return self.sslsocket_class._create(
           ^^^^^^^^^^^^^^^^^^^^^^^^^^^^^
  File "C:\ProgramData\spyder-6\envs\spyder-runtime\Lib\ssl.py", line 1104, in _create
    self.do_handshake()
  File "C:\ProgramData\spyder-6\envs\spyder-runtime\Lib\ssl.py", line 1382, in do_handshake
    self._sslobj.do_handshake()
urllib3.exceptions.ProtocolError: ('Connection aborted.', ConnectionResetError(10054, 'An existing connection was forcibly closed by the remote host', None, 10054, None))

During handling of the above exception, another exception occurred:

Traceback (most recent call last):
  File "c:\Users\rwh\Dropbox\Prosjekter\Dataprosjekter\Python\Footy\scraping\odds_theoddsapi.py", line 21, in _get_events_with_retries
    r = requests.get(url, params=params, timeout=30)
        ^^^^^^^^^^^^^^^^^^^^^^^^^^^^^^^^^^^^^^^^^^^^
  File "C:\ProgramData\spyder-6\envs\spyder-runtime\Lib\site-packages\requests\api.py", line 73, in get
    return request("get", url, params=params, **kwargs)
           ^^^^^^^^^^^^^^^^^^^^^^^^^^^^^^^^^^^^^^^^^^^^
  File "C:\ProgramData\spyder-6\envs\spyder-runtime\Lib\site-packages\requests\api.py", line 59, in request
    return session.request(method=method, url=url, **kwargs)
           ^^^^^^^^^^^^^^^^^^^^^^^^^^^^^^^^^^^^^^^^^^^^^^^^^
  File "C:\ProgramData\spyder-6\envs\spyder-runtime\Lib\site-packages\requests\sessions.py", line 589, in request
    resp = self.send(prep, **send_kwargs)
           ^^^^^^^^^^^^^^^^^^^^^^^^^^^^^^
  File "C:\ProgramData\spyder-6\envs\spyder-runtime\Lib\site-packages\requests\sessions.py", line 703, in send
    r = adapter.send(request, **kwargs)
        ^^^^^^^^^^^^^^^^^^^^^^^^^^^^^^^
  File "C:\ProgramData\spyder-6\envs\spyder-runtime\Lib\site-packages\requests\adapters.py", line 682, in send
    raise ConnectionError(err, request=request)
requests.exceptions.ConnectionError: ('Connection aborted.', ConnectionResetError(10054, 'An existing connection was forcibly closed by the remote host', None, 10054, None))
[2026-02-18 11:51:08,085] INFO footy - Odds hentet: 0
[2026-02-18 11:51:08,088] INFO footy - Ingen nye fixtures Ã¥ beregne sannsynligheter for.
[2026-02-18 11:51:08,089] INFO footy - Probs beregnet: 0
[2026-02-18 11:52:04,367] INFO footy - [football-data] Fixtures: lagret 10 rader for EPL (2026-02-18â†’2026-02-23).
[2026-02-18 11:52:04,368] INFO footy - Fixtures hentet (football-data): 10
[2026-02-18 11:52:04,496] WARNING footy - [odds] Nettverksfeil, prÃ¸ver igjen (1/2) â€¦ ('Connection aborted.', ConnectionResetError(10054, 'An existing connection was forcibly closed by the remote host', None, 10054, None))
[2026-02-18 11:52:04,632] WARNING footy - [odds] Nettverksfeil, prÃ¸ver igjen (2/2) â€¦ ('Connection aborted.', ConnectionResetError(10054, 'An existing connection was forcibly closed by the remote host', None, 10054, None))
[2026-02-18 11:52:04,763] ERROR footy - [odds] Klarte ikke hente odds etter 2 retries: ('Connection aborted.', ConnectionResetError(10054, 'An existing connection was forcibly closed by the remote host', None, 10054, None))
Traceback (most recent call last):
  File "C:\Users\rwh\AppData\Roaming\Python\Python311\site-packages\urllib3\connectionpool.py", line 787, in urlopen
    response = self._make_request(
               ^^^^^^^^^^^^^^^^^^^
  File "C:\Users\rwh\AppData\Roaming\Python\Python311\site-packages\urllib3\connectionpool.py", line 488, in _make_request
    raise new_e
  File "C:\Users\rwh\AppData\Roaming\Python\Python311\site-packages\urllib3\connectionpool.py", line 464, in _make_request
    self._validate_conn(conn)
  File "C:\Users\rwh\AppData\Roaming\Python\Python311\site-packages\urllib3\connectionpool.py", line 1093, in _validate_conn
    conn.connect()
  File "C:\Users\rwh\AppData\Roaming\Python\Python311\site-packages\urllib3\connection.py", line 790, in connect
    sock_and_verified = _ssl_wrap_socket_and_match_hostname(
                        ^^^^^^^^^^^^^^^^^^^^^^^^^^^^^^^^^^^^
  File "C:\Users\rwh\AppData\Roaming\Python\Python311\site-packages\urllib3\connection.py", line 969, in _ssl_wrap_socket_and_match_hostname
    ssl_sock = ssl_wrap_socket(
               ^^^^^^^^^^^^^^^^
  File "C:\Users\rwh\AppData\Roaming\Python\Python311\site-packages\urllib3\util\ssl_.py", line 480, in ssl_wrap_socket
    ssl_sock = _ssl_wrap_socket_impl(sock, context, tls_in_tls, server_hostname)
               ^^^^^^^^^^^^^^^^^^^^^^^^^^^^^^^^^^^^^^^^^^^^^^^^^^^^^^^^^^^^^^^^^
  File "C:\Users\rwh\AppData\Roaming\Python\Python311\site-packages\urllib3\util\ssl_.py", line 524, in _ssl_wrap_socket_impl
    return ssl_context.wrap_socket(sock, server_hostname=server_hostname)
           ^^^^^^^^^^^^^^^^^^^^^^^^^^^^^^^^^^^^^^^^^^^^^^^^^^^^^^^^^^^^^^
  File "C:\ProgramData\spyder-6\envs\spyder-runtime\Lib\ssl.py", line 517, in wrap_socket
    return self.sslsocket_class._create(
           ^^^^^^^^^^^^^^^^^^^^^^^^^^^^^
  File "C:\ProgramData\spyder-6\envs\spyder-runtime\Lib\ssl.py", line 1104, in _create
    self.do_handshake()
  File "C:\ProgramData\spyder-6\envs\spyder-runtime\Lib\ssl.py", line 1382, in do_handshake
    self._sslobj.do_handshake()
ConnectionResetError: [WinError 10054] An existing connection was forcibly closed by the remote host

During handling of the above exception, another exception occurred:

Traceback (most recent call last):
  File "C:\ProgramData\spyder-6\envs\spyder-runtime\Lib\site-packages\requests\adapters.py", line 667, in send
    resp = conn.urlopen(
           ^^^^^^^^^^^^^
  File "C:\Users\rwh\AppData\Roaming\Python\Python311\site-packages\urllib3\connectionpool.py", line 841, in urlopen
    retries = retries.increment(
              ^^^^^^^^^^^^^^^^^^
  File "C:\Users\rwh\AppData\Roaming\Python\Python311\site-packages\urllib3\util\retry.py", line 474, in increment
    raise reraise(type(error), error, _stacktrace)
          ^^^^^^^^^^^^^^^^^^^^^^^^^^^^^^^^^^^^^^^^
  File "C:\Users\rwh\AppData\Roaming\Python\Python311\site-packages\urllib3\util\util.py", line 38, in reraise
    raise value.with_traceback(tb)
  File "C:\Users\rwh\AppData\Roaming\Python\Python311\site-packages\urllib3\connectionpool.py", line 787, in urlopen
    response = self._make_request(
               ^^^^^^^^^^^^^^^^^^^
  File "C:\Users\rwh\AppData\Roaming\Python\Python311\site-packages\urllib3\connectionpool.py", line 488, in _make_request
    raise new_e
  File "C:\Users\rwh\AppData\Roaming\Python\Python311\site-packages\urllib3\connectionpool.py", line 464, in _make_request
    self._validate_conn(conn)
  File "C:\Users\rwh\AppData\Roaming\Python\Python311\site-packages\urllib3\connectionpool.py", line 1093, in _validate_conn
    conn.connect()
  File "C:\Users\rwh\AppData\Roaming\Python\Python311\site-packages\urllib3\connection.py", line 790, in connect
    sock_and_verified = _ssl_wrap_socket_and_match_hostname(
                        ^^^^^^^^^^^^^^^^^^^^^^^^^^^^^^^^^^^^
  File "C:\Users\rwh\AppData\Roaming\Python\Python311\site-packages\urllib3\connection.py", line 969, in _ssl_wrap_socket_and_match_hostname
    ssl_sock = ssl_wrap_socket(
               ^^^^^^^^^^^^^^^^
  File "C:\Users\rwh\AppData\Roaming\Python\Python311\site-packages\urllib3\util\ssl_.py", line 480, in ssl_wrap_socket
    ssl_sock = _ssl_wrap_socket_impl(sock, context, tls_in_tls, server_hostname)
               ^^^^^^^^^^^^^^^^^^^^^^^^^^^^^^^^^^^^^^^^^^^^^^^^^^^^^^^^^^^^^^^^^
  File "C:\Users\rwh\AppData\Roaming\Python\Python311\site-packages\urllib3\util\ssl_.py", line 524, in _ssl_wrap_socket_impl
    return ssl_context.wrap_socket(sock, server_hostname=server_hostname)
           ^^^^^^^^^^^^^^^^^^^^^^^^^^^^^^^^^^^^^^^^^^^^^^^^^^^^^^^^^^^^^^
  File "C:\ProgramData\spyder-6\envs\spyder-runtime\Lib\ssl.py", line 517, in wrap_socket
    return self.sslsocket_class._create(
           ^^^^^^^^^^^^^^^^^^^^^^^^^^^^^
  File "C:\ProgramData\spyder-6\envs\spyder-runtime\Lib\ssl.py", line 1104, in _create
    self.do_handshake()
  File "C:\ProgramData\spyder-6\envs\spyder-runtime\Lib\ssl.py", line 1382, in do_handshake
    self._sslobj.do_handshake()
urllib3.exceptions.ProtocolError: ('Connection aborted.', ConnectionResetError(10054, 'An existing connection was forcibly closed by the remote host', None, 10054, None))

During handling of the above exception, another exception occurred:

Traceback (most recent call last):
  File "c:\Users\rwh\Dropbox\Prosjekter\Dataprosjekter\Python\Footy\scraping\odds_theoddsapi.py", line 21, in _get_events_with_retries
    r = requests.get(url, params=params, timeout=30)
        ^^^^^^^^^^^^^^^^^^^^^^^^^^^^^^^^^^^^^^^^^^^^
  File "C:\ProgramData\spyder-6\envs\spyder-runtime\Lib\site-packages\requests\api.py", line 73, in get
    return request("get", url, params=params, **kwargs)
           ^^^^^^^^^^^^^^^^^^^^^^^^^^^^^^^^^^^^^^^^^^^^
  File "C:\ProgramData\spyder-6\envs\spyder-runtime\Lib\site-packages\requests\api.py", line 59, in request
    return session.request(method=method, url=url, **kwargs)
           ^^^^^^^^^^^^^^^^^^^^^^^^^^^^^^^^^^^^^^^^^^^^^^^^^
  File "C:\ProgramData\spyder-6\envs\spyder-runtime\Lib\site-packages\requests\sessions.py", line 589, in request
    resp = self.send(prep, **send_kwargs)
           ^^^^^^^^^^^^^^^^^^^^^^^^^^^^^^
  File "C:\ProgramData\spyder-6\envs\spyder-runtime\Lib\site-packages\requests\sessions.py", line 703, in send
    r = adapter.send(request, **kwargs)
        ^^^^^^^^^^^^^^^^^^^^^^^^^^^^^^^
  File "C:\ProgramData\spyder-6\envs\spyder-runtime\Lib\site-packages\requests\adapters.py", line 682, in send
    raise ConnectionError(err, request=request)
requests.exceptions.ConnectionError: ('Connection aborted.', ConnectionResetError(10054, 'An existing connection was forcibly closed by the remote host', None, 10054, None))
[2026-02-18 11:52:04,773] INFO footy - Odds hentet: 0
[2026-02-18 11:52:04,775] INFO footy - Ingen nye fixtures Ã¥ beregne sannsynligheter for.
[2026-02-18 11:52:04,775] INFO footy - Probs beregnet: 0
[2026-02-18 11:54:16,295] INFO footy - [football-data] Fixtures: lagret 1 rader for EPL (2026-02-18 -> 2026-02-21).
[2026-02-18 11:54:16,296] INFO footy - Fixtures hentet (football-data): 1
[2026-02-18 11:54:16,761] WARNING footy - [odds] Nettverksfeil, prøver igjen (1/2) … ('Connection aborted.', ConnectionResetError(10054, 'An existing connection was forcibly closed by the remote host', None, 10054, None))
[2026-02-18 11:54:17,199] WARNING footy - [odds] Nettverksfeil, prøver igjen (2/2) … ('Connection aborted.', ConnectionResetError(10054, 'An existing connection was forcibly closed by the remote host', None, 10054, None))
[2026-02-18 11:54:17,641] ERROR footy - [odds] Klarte ikke hente odds etter 2 retries: ('Connection aborted.', ConnectionResetError(10054, 'An existing connection was forcibly closed by the remote host', None, 10054, None))
Traceback (most recent call last):
  File "C:\Users\rwh\AppData\Local\Packages\PythonSoftwareFoundation.Python.3.13_qbz5n2kfra8p0\LocalCache\local-packages\Python313\site-packages\urllib3\connectionpool.py", line 787, in urlopen
    response = self._make_request(
        conn,
    ...<10 lines>...
        **response_kw,
    )
  File "C:\Users\rwh\AppData\Local\Packages\PythonSoftwareFoundation.Python.3.13_qbz5n2kfra8p0\LocalCache\local-packages\Python313\site-packages\urllib3\connectionpool.py", line 488, in _make_request
    raise new_e
  File "C:\Users\rwh\AppData\Local\Packages\PythonSoftwareFoundation.Python.3.13_qbz5n2kfra8p0\LocalCache\local-packages\Python313\site-packages\urllib3\connectionpool.py", line 464, in _make_request
    self._validate_conn(conn)
    ~~~~~~~~~~~~~~~~~~~^^^^^^
  File "C:\Users\rwh\AppData\Local\Packages\PythonSoftwareFoundation.Python.3.13_qbz5n2kfra8p0\LocalCache\local-packages\Python313\site-packages\urllib3\connectionpool.py", line 1093, in _validate_conn
    conn.connect()
    ~~~~~~~~~~~~^^
  File "C:\Users\rwh\AppData\Local\Packages\PythonSoftwareFoundation.Python.3.13_qbz5n2kfra8p0\LocalCache\local-packages\Python313\site-packages\urllib3\connection.py", line 796, in connect
    sock_and_verified = _ssl_wrap_socket_and_match_hostname(
        sock=sock,
    ...<14 lines>...
        assert_fingerprint=self.assert_fingerprint,
    )
  File "C:\Users\rwh\AppData\Local\Packages\PythonSoftwareFoundation.Python.3.13_qbz5n2kfra8p0\LocalCache\local-packages\Python313\site-packages\urllib3\connection.py", line 975, in _ssl_wrap_socket_and_match_hostname
    ssl_sock = ssl_wrap_socket(
        sock=sock,
    ...<8 lines>...
        tls_in_tls=tls_in_tls,
    )
  File "C:\Users\rwh\AppData\Local\Packages\PythonSoftwareFoundation.Python.3.13_qbz5n2kfra8p0\LocalCache\local-packages\Python313\site-packages\urllib3\util\ssl_.py", line 483, in ssl_wrap_socket
    ssl_sock = _ssl_wrap_socket_impl(sock, context, tls_in_tls, server_hostname)
  File "C:\Users\rwh\AppData\Local\Packages\PythonSoftwareFoundation.Python.3.13_qbz5n2kfra8p0\LocalCache\local-packages\Python313\site-packages\urllib3\util\ssl_.py", line 527, in _ssl_wrap_socket_impl
    return ssl_context.wrap_socket(sock, server_hostname=server_hostname)
           ~~~~~~~~~~~~~~~~~~~~~~~^^^^^^^^^^^^^^^^^^^^^^^^^^^^^^^^^^^^^^^
  File "C:\Program Files\WindowsApps\PythonSoftwareFoundation.Python.3.13_3.13.3312.0_x64__qbz5n2kfra8p0\Lib\ssl.py", line 455, in wrap_socket
    return self.sslsocket_class._create(
           ~~~~~~~~~~~~~~~~~~~~~~~~~~~~^
        sock=sock,
        ^^^^^^^^^^
    ...<5 lines>...
        session=session
        ^^^^^^^^^^^^^^^
    )
    ^
  File "C:\Program Files\WindowsApps\PythonSoftwareFoundation.Python.3.13_3.13.3312.0_x64__qbz5n2kfra8p0\Lib\ssl.py", line 1076, in _create
    self.do_handshake()
    ~~~~~~~~~~~~~~~~~^^
  File "C:\Program Files\WindowsApps\PythonSoftwareFoundation.Python.3.13_3.13.3312.0_x64__qbz5n2kfra8p0\Lib\ssl.py", line 1372, in do_handshake
    self._sslobj.do_handshake()
    ~~~~~~~~~~~~~~~~~~~~~~~~~^^
ConnectionResetError: [WinError 10054] An existing connection was forcibly closed by the remote host

During handling of the above exception, another exception occurred:

Traceback (most recent call last):
  File "C:\Users\rwh\AppData\Local\Packages\PythonSoftwareFoundation.Python.3.13_qbz5n2kfra8p0\LocalCache\local-packages\Python313\site-packages\requests\adapters.py", line 644, in send
    resp = conn.urlopen(
        method=request.method,
    ...<9 lines>...
        chunked=chunked,
    )
  File "C:\Users\rwh\AppData\Local\Packages\PythonSoftwareFoundation.Python.3.13_qbz5n2kfra8p0\LocalCache\local-packages\Python313\site-packages\urllib3\connectionpool.py", line 841, in urlopen
    retries = retries.increment(
        method, url, error=new_e, _pool=self, _stacktrace=sys.exc_info()[2]
    )
  File "C:\Users\rwh\AppData\Local\Packages\PythonSoftwareFoundation.Python.3.13_qbz5n2kfra8p0\LocalCache\local-packages\Python313\site-packages\urllib3\util\retry.py", line 490, in increment
    raise reraise(type(error), error, _stacktrace)
          ~~~~~~~^^^^^^^^^^^^^^^^^^^^^^^^^^^^^^^^^
  File "C:\Users\rwh\AppData\Local\Packages\PythonSoftwareFoundation.Python.3.13_qbz5n2kfra8p0\LocalCache\local-packages\Python313\site-packages\urllib3\util\util.py", line 38, in reraise
    raise value.with_traceback(tb)
  File "C:\Users\rwh\AppData\Local\Packages\PythonSoftwareFoundation.Python.3.13_qbz5n2kfra8p0\LocalCache\local-packages\Python313\site-packages\urllib3\connectionpool.py", line 787, in urlopen
    response = self._make_request(
        conn,
    ...<10 lines>...
        **response_kw,
    )
  File "C:\Users\rwh\AppData\Local\Packages\PythonSoftwareFoundation.Python.3.13_qbz5n2kfra8p0\LocalCache\local-packages\Python313\site-packages\urllib3\connectionpool.py", line 488, in _make_request
    raise new_e
  File "C:\Users\rwh\AppData\Local\Packages\PythonSoftwareFoundation.Python.3.13_qbz5n2kfra8p0\LocalCache\local-packages\Python313\site-packages\urllib3\connectionpool.py", line 464, in _make_request
    self._validate_conn(conn)
    ~~~~~~~~~~~~~~~~~~~^^^^^^
  File "C:\Users\rwh\AppData\Local\Packages\PythonSoftwareFoundation.Python.3.13_qbz5n2kfra8p0\LocalCache\local-packages\Python313\site-packages\urllib3\connectionpool.py", line 1093, in _validate_conn
    conn.connect()
    ~~~~~~~~~~~~^^
  File "C:\Users\rwh\AppData\Local\Packages\PythonSoftwareFoundation.Python.3.13_qbz5n2kfra8p0\LocalCache\local-packages\Python313\site-packages\urllib3\connection.py", line 796, in connect
    sock_and_verified = _ssl_wrap_socket_and_match_hostname(
        sock=sock,
    ...<14 lines>...
        assert_fingerprint=self.assert_fingerprint,
    )
  File "C:\Users\rwh\AppData\Local\Packages\PythonSoftwareFoundation.Python.3.13_qbz5n2kfra8p0\LocalCache\local-packages\Python313\site-packages\urllib3\connection.py", line 975, in _ssl_wrap_socket_and_match_hostname
    ssl_sock = ssl_wrap_socket(
        sock=sock,
    ...<8 lines>...
        tls_in_tls=tls_in_tls,
    )
  File "C:\Users\rwh\AppData\Local\Packages\PythonSoftwareFoundation.Python.3.13_qbz5n2kfra8p0\LocalCache\local-packages\Python313\site-packages\urllib3\util\ssl_.py", line 483, in ssl_wrap_socket
    ssl_sock = _ssl_wrap_socket_impl(sock, context, tls_in_tls, server_hostname)
  File "C:\Users\rwh\AppData\Local\Packages\PythonSoftwareFoundation.Python.3.13_qbz5n2kfra8p0\LocalCache\local-packages\Python313\site-packages\urllib3\util\ssl_.py", line 527, in _ssl_wrap_socket_impl
    return ssl_context.wrap_socket(sock, server_hostname=server_hostname)
           ~~~~~~~~~~~~~~~~~~~~~~~^^^^^^^^^^^^^^^^^^^^^^^^^^^^^^^^^^^^^^^
  File "C:\Program Files\WindowsApps\PythonSoftwareFoundation.Python.3.13_3.13.3312.0_x64__qbz5n2kfra8p0\Lib\ssl.py", line 455, in wrap_socket
    return self.sslsocket_class._create(
           ~~~~~~~~~~~~~~~~~~~~~~~~~~~~^
        sock=sock,
        ^^^^^^^^^^
    ...<5 lines>...
        session=session
        ^^^^^^^^^^^^^^^
    )
    ^
  File "C:\Program Files\WindowsApps\PythonSoftwareFoundation.Python.3.13_3.13.3312.0_x64__qbz5n2kfra8p0\Lib\ssl.py", line 1076, in _create
    self.do_handshake()
    ~~~~~~~~~~~~~~~~~^^
  File "C:\Program Files\WindowsApps\PythonSoftwareFoundation.Python.3.13_3.13.3312.0_x64__qbz5n2kfra8p0\Lib\ssl.py", line 1372, in do_handshake
    self._sslobj.do_handshake()
    ~~~~~~~~~~~~~~~~~~~~~~~~~^^
urllib3.exceptions.ProtocolError: ('Connection aborted.', ConnectionResetError(10054, 'An existing connection was forcibly closed by the remote host', None, 10054, None))

During handling of the above exception, another exception occurred:

Traceback (most recent call last):
  File "C:\Users\rwh\Dropbox\Prosjekter\Dataprosjekter\Python\Footy\scraping\odds_theoddsapi.py", line 21, in _get_events_with_retries
    r = requests.get(url, params=params, timeout=30)
  File "C:\Users\rwh\AppData\Local\Packages\PythonSoftwareFoundation.Python.3.13_qbz5n2kfra8p0\LocalCache\local-packages\Python313\site-packages\requests\api.py", line 73, in get
    return request("get", url, params=params, **kwargs)
  File "C:\Users\rwh\AppData\Local\Packages\PythonSoftwareFoundation.Python.3.13_qbz5n2kfra8p0\LocalCache\local-packages\Python313\site-packages\requests\api.py", line 59, in request
    return session.request(method=method, url=url, **kwargs)
           ~~~~~~~~~~~~~~~^^^^^^^^^^^^^^^^^^^^^^^^^^^^^^^^^^
  File "C:\Users\rwh\AppData\Local\Packages\PythonSoftwareFoundation.Python.3.13_qbz5n2kfra8p0\LocalCache\local-packages\Python313\site-packages\requests\sessions.py", line 589, in request
    resp = self.send(prep, **send_kwargs)
  File "C:\Users\rwh\AppData\Local\Packages\PythonSoftwareFoundation.Python.3.13_qbz5n2kfra8p0\LocalCache\local-packages\Python313\site-packages\requests\sessions.py", line 703, in send
    r = adapter.send(request, **kwargs)
  File "C:\Users\rwh\AppData\Local\Packages\PythonSoftwareFoundation.Python.3.13_qbz5n2kfra8p0\LocalCache\local-packages\Python313\site-packages\requests\adapters.py", line 659, in send
    raise ConnectionError(err, request=request)
requests.exceptions.ConnectionError: ('Connection aborted.', ConnectionResetError(10054, 'An existing connection was forcibly closed by the remote host', None, 10054, None))
[2026-02-18 11:54:17,654] INFO footy - Odds hentet: 0
[2026-02-18 11:54:17,656] INFO footy - Ingen nye fixtures å beregne sannsynligheter for.
[2026-02-18 11:54:17,656] INFO footy - Probs beregnet: 0
[2026-02-18 18:58:02,220] INFO footy - DB-skjema initialisert.
[2026-02-18 18:58:04,525] INFO footy - [football-data] Fixtures: lagret 1 rader for EPL (2026-02-18 -> 2026-02-20).
[2026-02-18 18:58:04,526] INFO footy - Fixtures hentet (football-data): 1
[2026-02-18 18:58:04,919] INFO footy - [odds] sample EPL: Wolverhampton Wanderers vs Arsenal @ 2026-02-18T20:00:00Z
[2026-02-18 18:58:04,919] INFO footy - [odds] sample EPL: Aston Villa vs Leeds United @ 2026-02-21T15:00:00Z
[2026-02-18 18:58:04,919] INFO footy - [odds] sample EPL: Brentford vs Brighton and Hove Albion @ 2026-02-21T15:00:00Z
[2026-02-18 18:58:04,925] INFO footy - [odds] Uten match: Everton vs Manchester United @ 2026-02-23T20:00:00Z (EPL)
[2026-02-18 18:58:04,926] INFO footy - [odds] Uten match: Wolverhampton Wanderers vs Aston Villa @ 2026-02-27T20:00:00Z (EPL)
[2026-02-18 18:58:04,926] INFO footy - [odds] Uten match: Bournemouth vs Sunderland @ 2026-02-28T12:30:00Z (EPL)
[2026-02-18 18:58:04,926] INFO footy - [odds] Uten match: Burnley vs Brentford @ 2026-02-28T15:00:00Z (EPL)
[2026-02-18 18:58:04,927] INFO footy - [odds] Uten match: Newcastle United vs Everton @ 2026-02-28T15:00:00Z (EPL)
[2026-02-18 18:58:04,927] INFO footy - [odds] Uten match: Liverpool vs West Ham United @ 2026-02-28T15:00:00Z (EPL)
[2026-02-18 18:58:04,927] INFO footy - [odds] Uten match: Leeds United vs Manchester City @ 2026-02-28T17:30:00Z (EPL)
[2026-02-18 18:58:04,928] INFO footy - [odds] Uten match: Brighton and Hove Albion vs Nottingham Forest @ 2026-03-01T14:00:00Z (EPL)
[2026-02-18 18:58:04,928] INFO footy - [odds] Uten match: Manchester United vs Crystal Palace @ 2026-03-01T14:00:00Z (EPL)
[2026-02-18 18:58:04,928] INFO footy - [odds] Uten match: Fulham vs Tottenham Hotspur @ 2026-03-01T14:00:00Z (EPL)
[2026-02-18 18:58:04,929] INFO footy - [odds] Uten match: Arsenal vs Chelsea @ 2026-03-01T16:30:00Z (EPL)
[2026-02-18 18:58:04,935] INFO footy - [odds] Lagret 60 odds-rader for EPL.
[2026-02-18 18:58:04,936] INFO footy - Odds hentet: 60
[2026-02-18 18:58:04,936] INFO footy - Ingen nye fixtures Ã¥ beregne sannsynligheter for.
[2026-02-18 18:58:04,936] INFO footy - Probs beregnet: 0
[2026-02-21 17:24:16,978] INFO footy - DB-skjema initialisert.
[2026-02-21 17:24:18,342] INFO footy - [football-data] Fixtures: lagret 20 rader for EPL (2026-02-21 -> 2026-03-02).
[2026-02-21 17:24:18,343] INFO footy - Fixtures hentet (football-data): 20
[2026-02-21 17:24:18,798] INFO footy - [odds] sample EPL: Aston Villa vs Leeds United @ 2026-02-21T15:00:00Z
[2026-02-21 17:24:18,798] INFO footy - [odds] sample EPL: Brentford vs Brighton and Hove Albion @ 2026-02-21T15:00:00Z
[2026-02-21 17:24:18,798] INFO footy - [odds] sample EPL: Chelsea vs Burnley @ 2026-02-21T15:00:00Z
[2026-02-21 17:24:18,820] INFO footy - [odds] Lagret 102 odds-rader for EPL.
[2026-02-21 17:24:18,821] INFO footy - Odds hentet: 102
[2026-02-21 17:24:18,830] INFO footy - Skrevet sannsynligheter for 11 fixtures.
[2026-02-21 17:24:18,830] INFO footy - Probs beregnet: 11
[2026-02-22 20:28:07,767] INFO footy - DB-skjema initialisert.
[2026-02-22 20:28:10,565] INFO footy - [football-data] Fixtures: lagret 15 rader for EPL (2026-02-22 -> 2026-03-03).
[2026-02-22 20:28:10,566] INFO footy - Fixtures hentet (football-data): 15
[2026-02-22 20:28:10,991] INFO footy - [odds] sample EPL: Everton vs Manchester United @ 2026-02-23T20:00:00Z
[2026-02-22 20:28:10,991] INFO footy - [odds] sample EPL: Wolverhampton Wanderers vs Aston Villa @ 2026-02-27T20:00:00Z
[2026-02-22 20:28:10,991] INFO footy - [odds] sample EPL: Bournemouth vs Sunderland @ 2026-02-28T12:30:00Z
[2026-02-22 20:28:11,000] INFO footy - [odds] Uten match: Bournemouth vs Brentford @ 2026-03-03T19:30:00Z (EPL)
[2026-02-22 20:28:11,001] INFO footy - [odds] Uten match: Everton vs Burnley @ 2026-03-03T19:30:00Z (EPL)
[2026-02-22 20:28:11,001] INFO footy - [odds] Uten match: Leeds United vs Sunderland @ 2026-03-03T19:30:00Z (EPL)
[2026-02-22 20:28:11,001] INFO footy - [odds] Uten match: Wolverhampton Wanderers vs Liverpool @ 2026-03-03T20:15:00Z (EPL)
[2026-02-22 20:28:11,002] INFO footy - [odds] Uten match: Brighton and Hove Albion vs Arsenal @ 2026-03-04T19:30:00Z (EPL)
[2026-02-22 20:28:11,002] INFO footy - [odds] Uten match: Aston Villa vs Chelsea @ 2026-03-04T19:30:00Z (EPL)
[2026-02-22 20:28:11,003] INFO footy - [odds] Uten match: Fulham vs West Ham United @ 2026-03-04T19:30:00Z (EPL)
[2026-02-22 20:28:11,004] INFO footy - [odds] Uten match: Manchester City vs Nottingham Forest @ 2026-03-04T19:30:00Z (EPL)
[2026-02-22 20:28:11,004] INFO footy - [odds] Uten match: Newcastle United vs Manchester United @ 2026-03-04T20:15:00Z (EPL)
[2026-02-22 20:28:11,005] INFO footy - [odds] Uten match: Tottenham Hotspur vs Crystal Palace @ 2026-03-05T20:00:00Z (EPL)
[2026-02-22 20:28:11,011] INFO footy - [odds] Lagret 66 odds-rader for EPL.
[2026-02-22 20:28:11,012] INFO footy - Odds hentet: 66
[2026-02-22 20:28:11,012] INFO footy - Ingen nye fixtures Ã¥ beregne sannsynligheter for.
[2026-02-22 20:28:11,013] INFO footy - Probs beregnet: 0
[2026-02-22 20:33:16,182] INFO footy - DB-skjema initialisert.
[2026-02-22 20:33:19,221] INFO footy - [football-data] Fixtures: lagret 15 rader for LaLiga (2026-02-22 -> 2026-03-03).
[2026-02-22 20:33:19,221] INFO footy - Fixtures hentet (football-data): 15
[2026-02-22 20:33:19,626] INFO footy - [odds] sample LaLiga: Celta Vigo vs Mallorca @ 2026-02-22T17:31:00Z
[2026-02-22 20:33:19,626] INFO footy - [odds] sample LaLiga: Villarreal vs Valencia @ 2026-02-22T20:00:00Z
[2026-02-22 20:33:19,626] INFO footy - [odds] sample LaLiga: AlavÃ©s vs Girona @ 2026-02-23T20:00:00Z
[2026-02-22 20:33:19,633] INFO footy - [odds] Uten match: CA Osasuna vs Mallorca @ 2026-03-06T20:00:00Z (LaLiga)
[2026-02-22 20:33:19,634] INFO footy - [odds] Uten match: Getafe vs Real Betis @ 2026-03-07T13:00:00Z (LaLiga)
[2026-02-22 20:33:19,634] INFO footy - [odds] Uten match: Levante vs Girona @ 2026-03-07T15:15:00Z (LaLiga)
[2026-02-22 20:33:19,634] INFO footy - [odds] Uten match: AtlÃ©tico Madrid vs Real Sociedad @ 2026-03-07T17:30:00Z (LaLiga)
[2026-02-22 20:33:19,634] INFO footy - [odds] Uten match: Celta Vigo vs Real Madrid @ 2026-03-07T20:00:00Z (LaLiga)
[2026-02-22 20:33:19,635] INFO footy - [odds] Uten match: Villarreal vs Elche CF @ 2026-03-08T13:00:00Z (LaLiga)
[2026-02-22 20:33:19,635] INFO footy - [odds] Uten match: Athletic Bilbao vs Barcelona @ 2026-03-08T15:15:00Z (LaLiga)
[2026-02-22 20:33:19,635] INFO footy - [odds] Uten match: Sevilla vs Rayo Vallecano @ 2026-03-08T17:30:00Z (LaLiga)
[2026-02-22 20:33:19,636] INFO footy - [odds] Uten match: Valencia vs AlavÃ©s @ 2026-03-08T20:00:00Z (LaLiga)
[2026-02-22 20:33:19,636] INFO footy - [odds] Uten match: Espanyol vs Oviedo @ 2026-03-09T20:00:00Z (LaLiga)
[2026-02-22 20:33:19,641] INFO footy - [odds] Lagret 75 odds-rader for LaLiga.
[2026-02-22 20:33:19,642] INFO footy - Odds hentet: 75
[2026-02-22 20:33:19,649] INFO footy - Skrevet sannsynligheter for 12 fixtures.
[2026-02-22 20:33:19,649] INFO footy - Probs beregnet: 12
[2026-02-23 19:24:01,233] INFO footy - DB-skjema initialisert.
[2026-02-23 19:24:20,917] INFO footy - [football-data] Fixtures: lagret 11 rader for LaLiga (2026-02-23 -> 2026-03-04).
[2026-02-23 19:24:20,918] INFO footy - Fixtures hentet (football-data): 11
[2026-02-23 19:24:21,348] INFO footy - [odds] sample LaLiga: AlavÃ©s vs Girona @ 2026-02-23T20:00:00Z
[2026-02-23 19:24:21,348] INFO footy - [odds] sample LaLiga: Levante vs AlavÃ©s @ 2026-02-27T20:00:00Z
[2026-02-23 19:24:21,348] INFO footy - [odds] sample LaLiga: Rayo Vallecano vs Athletic Bilbao @ 2026-02-28T13:00:00Z
[2026-02-23 19:24:21,355] INFO footy - [odds] Uten match: Rayo Vallecano vs Oviedo @ 2026-03-04T18:00:00Z (LaLiga)
[2026-02-23 19:24:21,355] INFO footy - [odds] Uten match: CA Osasuna vs Mallorca @ 2026-03-06T20:00:00Z (LaLiga)
[2026-02-23 19:24:21,356] INFO footy - [odds] Uten match: Getafe vs Real Betis @ 2026-03-07T13:00:00Z (LaLiga)
[2026-02-23 19:24:21,356] INFO footy - [odds] Uten match: Levante vs Girona @ 2026-03-07T15:15:00Z (LaLiga)
[2026-02-23 19:24:21,356] INFO footy - [odds] Uten match: AtlÃ©tico Madrid vs Real Sociedad @ 2026-03-07T17:30:00Z (LaLiga)
[2026-02-23 19:24:21,356] INFO footy - [odds] Uten match: Celta Vigo vs Real Madrid @ 2026-03-07T20:00:00Z (LaLiga)
[2026-02-23 19:24:21,357] INFO footy - [odds] Uten match: Villarreal vs Elche CF @ 2026-03-08T13:00:00Z (LaLiga)
[2026-02-23 19:24:21,357] INFO footy - [odds] Uten match: Athletic Bilbao vs Barcelona @ 2026-03-08T15:15:00Z (LaLiga)
[2026-02-23 19:24:21,357] INFO footy - [odds] Uten match: Sevilla vs Rayo Vallecano @ 2026-03-08T17:30:00Z (LaLiga)
[2026-02-23 19:24:21,358] INFO footy - [odds] Uten match: Valencia vs AlavÃ©s @ 2026-03-08T20:00:00Z (LaLiga)
[2026-02-23 19:24:21,358] INFO footy - [odds] Uten match: Espanyol vs Oviedo @ 2026-03-09T20:00:00Z (LaLiga)
[2026-02-23 19:24:21,364] INFO footy - [odds] Lagret 66 odds-rader for LaLiga.
[2026-02-23 19:24:21,365] INFO footy - Odds hentet: 66
[2026-02-23 19:24:21,366] INFO footy - Ingen nye fixtures Ã¥ beregne sannsynligheter for.
[2026-02-23 19:24:21,366] INFO footy - Probs beregnet: 0
[2026-02-23 19:24:40,869] INFO footy - DB-skjema initialisert.
[2026-02-23 19:24:52,519] INFO footy - [football-data] Fixtures: lagret 15 rader for EPL (2026-02-23 -> 2026-03-04).
[2026-02-23 19:24:52,520] INFO footy - Fixtures hentet (football-data): 15
[2026-02-23 19:24:52,990] INFO footy - [odds] sample EPL: Everton vs Manchester United @ 2026-02-23T20:00:00Z
[2026-02-23 19:24:52,990] INFO footy - [odds] sample EPL: Wolverhampton Wanderers vs Aston Villa @ 2026-02-27T20:00:00Z
[2026-02-23 19:24:52,991] INFO footy - [odds] sample EPL: Bournemouth vs Sunderland @ 2026-02-28T12:30:00Z
[2026-02-23 19:24:53,000] INFO footy - [odds] Uten match: Brighton and Hove Albion vs Arsenal @ 2026-03-04T19:30:00Z (EPL)
[2026-02-23 19:24:53,000] INFO footy - [odds] Uten match: Aston Villa vs Chelsea @ 2026-03-04T19:30:00Z (EPL)
[2026-02-23 19:24:53,000] INFO footy - [odds] Uten match: Fulham vs West Ham United @ 2026-03-04T19:30:00Z (EPL)
[2026-02-23 19:24:53,000] INFO footy - [odds] Uten match: Manchester City vs Nottingham Forest @ 2026-03-04T19:30:00Z (EPL)
[2026-02-23 19:24:53,001] INFO footy - [odds] Uten match: Newcastle United vs Manchester United @ 2026-03-04T20:15:00Z (EPL)
[2026-02-23 19:24:53,001] INFO footy - [odds] Uten match: Tottenham Hotspur vs Crystal Palace @ 2026-03-05T20:00:00Z (EPL)
[2026-02-23 19:24:53,007] INFO footy - [odds] Lagret 90 odds-rader for EPL.
[2026-02-23 19:24:53,008] INFO footy - Odds hentet: 90
[2026-02-23 19:24:53,015] INFO footy - Skrevet sannsynligheter for 4 fixtures.
[2026-02-23 19:24:53,015] INFO footy - Probs beregnet: 4
